taskmail 0.11

1. internal db intialisation when first installation.
2. multi tasks move.

taskmail 0.10

1. On a tasks of a subfolders, 'Go to next mail' change current folder 
2. Impossible to link an email and a tasks of a subfolder.
3. in sqlite, folderURI contains folder.URI instead of folder.baseMessageURI (database model upgrade needed).
4. database model upgrade system. 

taskmail 0.9

1. linked objects count in context-menu.
2. bug with french localisation (no confirmation on task delete).

taskmail 0.8

1. keep selected tasks after action occured.
2. manage of multi selected tasks when link tasks and delete tasks 
3. double click on task not displayed, show it.

taskmail 0.7

1. RETURN and CONTROL-RETURN save task. SHIFT-ESCAPE = cancel save
   when focus is in the task detail.
2. Focus on inputtext when task detail opens.

taskmail 0.6a2

1. english localization
2. tooltip sur les filtres
3. amélioration IHM (padding, taille des zones).
4. amélioration images.

taskmail 0.5

1. refresh sur diverses actions de l'IHM.
2. confirmation sur suppresion email et lien (pas d'undo :-))
3. icones pour montrer les liens.

taskmail v0.4

1. double clique sur tache ouvert, la referme.
2. ajout de tache avec liaison immédiate.
3. correction bug déplacement email

taskmail v0.3

1. gestion de 'délier'

taskmail v0.2

1. gestion renommage, déplacement et suppresion de folder.
2. gestion déplacement et suppresion de mail.
